<?xml version="1.0" encoding="UTF-8"?>
<!-- Generated by org.testng.reporters.JUnitXMLReporter -->
<testsuite ignored="0" hostname="DESKTOP-P030MJJ" failures="0" tests="4" name="Default test" time="4.997" errors="0" timestamp="2024-08-07T01:26:28 IST">
  <testcase classname="day1HTTPMatehods.HTTPRequests" name="getUser" time="3.274"/>
  <testcase classname="day1HTTPMatehods.HTTPRequests" name="createUser" time="0.776"/>
  <testcase classname="day1HTTPMatehods.HTTPRequests" name="updateUser" time="0.461"/>
  <testcase classname="day1HTTPMatehods.HTTPRequests" name="deleteUser" time="0.41"/>
</testsuite> <!-- Default test -->
