<?xml version="1.0" encoding="UTF-8"?>
<!-- Generated by org.testng.reporters.JUnitXMLReporter -->
<testsuite ignored="0" hostname="DESKTOP-P030MJJ" failures="0" tests="2" name="Default test" time="0.385" errors="0" timestamp="2024-08-12T01:10:19 IST">
  <testcase classname="day6JSONXMLSchemaValidationsSerialDEserilisation.SerilizationDeserilization" name="convertJson2Pojo" time="0.319"/>
  <testcase classname="day6JSONXMLSchemaValidationsSerialDEserilisation.SerilizationDeserilization" name="convertPojo2Json" time="0.014"/>
</testsuite> <!-- Default test -->
