<?xml version="1.0" encoding="UTF-8"?>
<!-- Generated by org.testng.reporters.JUnitXMLReporter -->
<testsuite ignored="0" hostname="DESKTOP-P030MJJ" failures="1" tests="1" name="Test3" time="0.076" errors="0" timestamp="2024-08-17T00:07:58 IST">
  <testcase classname="day8RestAssuredAPIChaining.UpdateUser" name="test_updateUser" time="0.071">
    <failure type="java.lang.NullPointerException" message="Cannot invoke &amp;quot;java.lang.Integer.intValue()&amp;quot; because the return value of &amp;quot;org.testng.ISuite.getAttribute(String)&amp;quot; is null">
      <![CDATA[java.lang.NullPointerException: Cannot invoke "java.lang.Integer.intValue()" because the return value of "org.testng.ISuite.getAttribute(String)" is null
at day8RestAssuredAPIChaining.UpdateUser.test_updateUser(UpdateUser.java:34)
at java.base/java.util.ArrayList.forEach(ArrayList.java:1511)
... Removed 27 stack frames]]>
    </failure>
  </testcase> <!-- test_updateUser -->
</testsuite> <!-- Test3 -->
