<?xml version="1.0" encoding="UTF-8"?>
<testng-results ignored="0" total="1" passed="1" failed="0" skipped="0">
  <reporter-output>
  </reporter-output>
  <suite started-at="2024-08-06T23:49:47 IST" name="Default suite" finished-at="2024-08-06T23:49:51 IST" duration-ms="3645">
    <groups>
    </groups>
    <test started-at="2024-08-06T23:49:47 IST" name="Default test" finished-at="2024-08-06T23:49:51 IST" duration-ms="3645">
      <class name="day1HTTPMatehods.HTTPRequests">
        <test-method signature="getUser()[pri:0, instance:day1HTTPMatehods.HTTPRequests@50b472aa]" started-at="2024-08-06T23:49:47 IST" name="getUser" finished-at="2024-08-06T23:49:51 IST" duration-ms="3575" status="PASS">
          <reporter-output>
          </reporter-output>
        </test-method> <!-- getUser -->
      </class> <!-- day1HTTPMatehods.HTTPRequests -->
    </test> <!-- Default test -->
  </suite> <!-- Default suite -->
</testng-results>
